INFO:root:Initialized bot Zerg
INFO:root:---NEW TURN---
INFO:root:Zerg infestation begins
INFO:root:---NEW TURN---
INFO:root:1,0.05259644808642287 undocked start time:0.002298253581636621

INFO:root:Commands given:
INFO:root:3
INFO:root:Commandable ships:
INFO:root:3
INFO:root:---NEW TURN---
INFO:root:2,0.04688896793152665 undocked start time:0.002678150549968561

INFO:root:Commands given:
INFO:root:3
INFO:root:Commandable ships:
INFO:root:3
INFO:root:---NEW TURN---
INFO:root:3,0.034631341992194475 undocked start time:0.001313639408854067

INFO:root:Commands given:
INFO:root:3
INFO:root:Commandable ships:
INFO:root:3
INFO:root:---NEW TURN---
INFO:root:4,0.03089719274191663 undocked start time:0

INFO:root:Commands given:
INFO:root:2
INFO:root:Commandable ships:
INFO:root:2
INFO:root:---NEW TURN---
INFO:root:5,0.029512168805535838 undocked start time:0

INFO:root:Commands given:
INFO:root:0
INFO:root:Commandable ships:
INFO:root:0
INFO:root:---NEW TURN---
INFO:root:6,0.015389109264686035 undocked start time:0

INFO:root:Commands given:
INFO:root:0
INFO:root:Commandable ships:
INFO:root:0
INFO:root:---NEW TURN---
INFO:root:7,0.01585515997313644 undocked start time:0

INFO:root:Commands given:
INFO:root:0
INFO:root:Commandable ships:
INFO:root:0
INFO:root:---NEW TURN---
INFO:root:8,0.014872186823975203 undocked start time:0

INFO:root:Commands given:
INFO:root:0
INFO:root:Commandable ships:
INFO:root:0
INFO:root:---NEW TURN---
INFO:root:9,0.01422603377308665 undocked start time:0

INFO:root:Commands given:
INFO:root:0
INFO:root:Commandable ships:
INFO:root:0
INFO:root:---NEW TURN---
INFO:root:10,0.013325932316801237 undocked start time:0

INFO:root:Commands given:
INFO:root:0
INFO:root:Commandable ships:
INFO:root:0
INFO:root:---NEW TURN---
INFO:root:11,0.016024595662036067 undocked start time:0

INFO:root:Commands given:
INFO:root:0
INFO:root:Commandable ships:
INFO:root:0
INFO:root:---NEW TURN---
INFO:root:12,0.014676905013040031 undocked start time:0

INFO:root:Commands given:
INFO:root:0
INFO:root:Commandable ships:
INFO:root:0
INFO:root:---NEW TURN---
INFO:root:13,0.013780085603997239 undocked start time:0

INFO:root:Commands given:
INFO:root:0
INFO:root:Commandable ships:
INFO:root:0
INFO:root:---NEW TURN---
INFO:root:14,0.014077931391263954 undocked start time:0

INFO:root:Commands given:
INFO:root:0
INFO:root:Commandable ships:
INFO:root:0
INFO:root:---NEW TURN---
INFO:root:15,0.026910736109863276 undocked start time:0.0011503575585342651

INFO:root:Commands given:
INFO:root:1
INFO:root:Commandable ships:
INFO:root:1
INFO:root:---NEW TURN---
INFO:root:16,0.025126943433505522 undocked start time:0.0009308706491848451

INFO:root:Commands given:
INFO:root:1
INFO:root:Commandable ships:
INFO:root:1
INFO:root:---NEW TURN---
INFO:root:17,0.02569801965371943 undocked start time:0.0007815374996461566

INFO:root:Commands given:
INFO:root:1
INFO:root:Commandable ships:
INFO:root:1
INFO:root:---NEW TURN---
INFO:root:18,0.026758531168987243 undocked start time:0.0010666653538478066

INFO:root:Commands given:
INFO:root:1
INFO:root:Commandable ships:
INFO:root:1
INFO:root:---NEW TURN---
INFO:root:19,0.025195045913789627 undocked start time:0

INFO:root:Commands given:
INFO:root:1
INFO:root:Commandable ships:
INFO:root:1
INFO:root:---NEW TURN---
INFO:root:20,0.02147279408476621 undocked start time:0

INFO:root:Commands given:
INFO:root:0
INFO:root:Commandable ships:
INFO:root:0
INFO:root:---NEW TURN---
INFO:root:21,0.07901692838942148 undocked start time:0.0013694342119783265

INFO:root:Commands given:
INFO:root:2
INFO:root:Commandable ships:
INFO:root:2
INFO:root:---NEW TURN---
INFO:root:22,0.03342190758329322 undocked start time:0.0015844083063693004

INFO:root:Commands given:
INFO:root:1
INFO:root:Commandable ships:
INFO:root:1
INFO:root:---NEW TURN---
INFO:root:23,0.034791752051176905 undocked start time:0.001298459940357155

INFO:root:Commands given:
INFO:root:1
INFO:root:Commandable ships:
INFO:root:1
INFO:root:---NEW TURN---
INFO:root:24,0.03426662449235951 undocked start time:0.0017952798417069094

INFO:root:Commands given:
INFO:root:1
INFO:root:Commandable ships:
INFO:root:1
INFO:root:---NEW TURN---
INFO:root:25,0.03363195860682022 undocked start time:0

INFO:root:Commands given:
INFO:root:1
INFO:root:Commandable ships:
INFO:root:1
INFO:root:---NEW TURN---
INFO:root:26,0.0316857045919533 undocked start time:0

INFO:root:Commands given:
INFO:root:1
INFO:root:Commandable ships:
INFO:root:1
INFO:root:---NEW TURN---
INFO:root:27,0.0341903168939689 undocked start time:0.000883691220072369

INFO:root:Commands given:
INFO:root:1
INFO:root:Commandable ships:
INFO:root:1
INFO:root:---NEW TURN---
INFO:root:28,0.033063754177943605 undocked start time:0.0008574348421315214

INFO:root:Commands given:
INFO:root:1
INFO:root:Commandable ships:
INFO:root:1
INFO:root:---NEW TURN---
INFO:root:29,0.033294728252642236 undocked start time:0.0008910758263681595

INFO:root:Commands given:
INFO:root:1
INFO:root:Commandable ships:
INFO:root:1
INFO:root:---NEW TURN---
INFO:root:30,0.04641019929001111 undocked start time:0.0023339458454000317

INFO:root:Commands given:
INFO:root:2
INFO:root:Commandable ships:
INFO:root:2
INFO:root:---NEW TURN---
INFO:root:31,0.05226126901177153 undocked start time:0.004618250726255435

INFO:root:Commands given:
INFO:root:2
INFO:root:Commandable ships:
INFO:root:2
INFO:root:---NEW TURN---
INFO:root:32,0.05538906003397748 undocked start time:0.0030002014356491635

INFO:root:Commands given:
INFO:root:2
INFO:root:Commandable ships:
INFO:root:2
INFO:root:---NEW TURN---
INFO:root:33,0.05167583383487129 undocked start time:0.005445326631392522

INFO:root:Commands given:
INFO:root:2
INFO:root:Commandable ships:
INFO:root:2
INFO:root:---NEW TURN---
INFO:root:34,0.05988382373272971 undocked start time:0.003910559289567628

INFO:root:Commands given:
INFO:root:3
INFO:root:Commandable ships:
INFO:root:3
INFO:root:---NEW TURN---
INFO:root:35,0.06234248737334869 undocked start time:0.0035327136007630155

INFO:root:Commands given:
INFO:root:3
INFO:root:Commandable ships:
INFO:root:3
INFO:root:---NEW TURN---
INFO:root:36,0.07100257927887665 undocked start time:0.004169841021734566

INFO:root:Commands given:
INFO:root:4
INFO:root:Commandable ships:
INFO:root:4
INFO:root:---NEW TURN---
INFO:root:37,0.07910308212953998 undocked start time:0.005320198580268443

INFO:root:Commands given:
INFO:root:4
INFO:root:Commandable ships:
INFO:root:4
INFO:root:---NEW TURN---
INFO:root:38,0.0738218578602774 undocked start time:0.005229532025191608

INFO:root:Commands given:
INFO:root:4
INFO:root:Commandable ships:
INFO:root:4
INFO:root:---NEW TURN---
INFO:root:39,0.08533117702829496 undocked start time:0.008513630547326345

INFO:root:Commands given:
INFO:root:5
INFO:root:Commandable ships:
INFO:root:5
INFO:root:---NEW TURN---
INFO:root:40,0.10973360853299474 undocked start time:0.009892910901032392

INFO:root:Commands given:
INFO:root:7
INFO:root:Commandable ships:
INFO:root:7
INFO:root:---NEW TURN---
INFO:root:41,0.14804658701958506 undocked start time:0.013857623970103816

INFO:root:Commands given:
INFO:root:7
INFO:root:Commandable ships:
INFO:root:7
INFO:root:---NEW TURN---
INFO:root:42,0.12263492598778347 undocked start time:0.01362870117493209

INFO:root:Commands given:
INFO:root:7
INFO:root:Commandable ships:
INFO:root:7
INFO:root:---NEW TURN---
INFO:root:43,0.15472596341419886 undocked start time:0.02597083983076187

INFO:root:Commands given:
INFO:root:7
INFO:root:Commandable ships:
INFO:root:7
INFO:root:---NEW TURN---
INFO:root:44,0.16595589831068924 undocked start time:0.016553005268094445

INFO:root:Commands given:
INFO:root:8
INFO:root:Commandable ships:
INFO:root:8
INFO:root:---NEW TURN---
INFO:root:45,0.15243591495066866 undocked start time:0.013252496509746248

INFO:root:Commands given:
INFO:root:8
INFO:root:Commandable ships:
INFO:root:8
INFO:root:---NEW TURN---
INFO:root:46,0.19009535578007464 undocked start time:0.017662747492003472

INFO:root:Commands given:
INFO:root:9
INFO:root:Commandable ships:
INFO:root:9
INFO:root:---NEW TURN---
INFO:root:47,0.1146533973496644 undocked start time:0.011797729069460416

INFO:root:Commands given:
INFO:root:7
INFO:root:Commandable ships:
INFO:root:7
INFO:root:---NEW TURN---
INFO:root:48,0.14024639149162077 undocked start time:0.01873966924348336

INFO:root:Commands given:
INFO:root:8
INFO:root:Commandable ships:
INFO:root:8
INFO:root:---NEW TURN---
INFO:root:49,0.18233044225996853 undocked start time:0.01931771981409014

INFO:root:Commands given:
INFO:root:8
INFO:root:Commandable ships:
INFO:root:8
INFO:root:---NEW TURN---
INFO:root:50,0.12903327708724888 undocked start time:0.019812078180007298

INFO:root:Commands given:
INFO:root:8
INFO:root:Commandable ships:
INFO:root:8
INFO:root:---NEW TURN---
INFO:root:51,0.1480506895786382 undocked start time:0.022028690836481513

INFO:root:Commands given:
INFO:root:9
INFO:root:Commandable ships:
INFO:root:9
INFO:root:---NEW TURN---
INFO:root:52,0.23547253070047525 undocked start time:0.032699857189920856

INFO:root:Commands given:
INFO:root:11
INFO:root:Commandable ships:
INFO:root:11
INFO:root:---NEW TURN---
INFO:root:53,0.1753876815741351 undocked start time:0.0328118570520739

INFO:root:Commands given:
INFO:root:11
INFO:root:Commandable ships:
INFO:root:11
INFO:root:---NEW TURN---
INFO:root:54,0.12468046193173876 undocked start time:0.01334234255301281

INFO:root:Commands given:
INFO:root:11
INFO:root:Commandable ships:
INFO:root:11
INFO:root:---NEW TURN---
INFO:root:55,0.20248303284139535 undocked start time:0.027771452999237223

INFO:root:Commands given:
INFO:root:11
INFO:root:Commandable ships:
INFO:root:11
INFO:root:---NEW TURN---
INFO:root:56,0.22909551290808672 undocked start time:0.04018538643849823

INFO:root:Commands given:
INFO:root:12
INFO:root:Commandable ships:
INFO:root:12
INFO:root:---NEW TURN---
INFO:root:57,0.26194839555069294 undocked start time:0.028418836817837523

INFO:root:Commands given:
INFO:root:13
INFO:root:Commandable ships:
INFO:root:13
INFO:root:---NEW TURN---
INFO:root:58,0.19825288420157872 undocked start time:0.02557453262621756

INFO:root:Commands given:
INFO:root:12
INFO:root:Commandable ships:
INFO:root:12
INFO:root:---NEW TURN---
INFO:root:59,0.12818609864275032 undocked start time:0.012732292021794045

INFO:root:Commands given:
INFO:root:12
INFO:root:Commandable ships:
INFO:root:12
INFO:root:---NEW TURN---
INFO:root:60,0.13339511787267533 undocked start time:0.02356920176098143

INFO:root:Commands given:
INFO:root:10
INFO:root:Commandable ships:
INFO:root:10
INFO:root:---NEW TURN---
INFO:root:61,0.21239768730541098 undocked start time:0.014989930268806795

INFO:root:Commands given:
INFO:root:10
INFO:root:Commandable ships:
INFO:root:10
INFO:root:---NEW TURN---
INFO:root:62,0.16471979726794217 undocked start time:0.023825201445907496

INFO:root:Commands given:
INFO:root:10
INFO:root:Commandable ships:
INFO:root:10
INFO:root:---NEW TURN---
INFO:root:63,0.23110043351741538 undocked start time:0.02057966697886915

INFO:root:Commands given:
INFO:root:11
INFO:root:Commandable ships:
INFO:root:11
INFO:root:---NEW TURN---
INFO:root:64,0.1541983743199502 undocked start time:0.022802843729834876

INFO:root:Commands given:
INFO:root:12
INFO:root:Commandable ships:
INFO:root:12
INFO:root:---NEW TURN---
INFO:root:65,0.14835017638952674 undocked start time:0.014703571646885294

INFO:root:Commands given:
INFO:root:11
INFO:root:Commandable ships:
INFO:root:11
INFO:root:---NEW TURN---
INFO:root:66,0.15719939626740942 undocked start time:0.017501927177118404

INFO:root:Commands given:
INFO:root:9
INFO:root:Commandable ships:
INFO:root:9
INFO:root:---NEW TURN---
INFO:root:67,0.14313090076196833 undocked start time:0.013878957277180248

INFO:root:Commands given:
INFO:root:8
INFO:root:Commandable ships:
INFO:root:8
INFO:root:---NEW TURN---
INFO:root:68,0.18703197493500578 undocked start time:0.0231806894186386

INFO:root:Commands given:
INFO:root:8
INFO:root:Commandable ships:
INFO:root:8
INFO:root:---NEW TURN---
INFO:root:69,0.20593615679652544 undocked start time:0.021470742805241194

INFO:root:Commands given:
INFO:root:8
INFO:root:Commandable ships:
INFO:root:8
INFO:root:---NEW TURN---
INFO:root:70,0.13832598359878912 undocked start time:0.011728806077363707

INFO:root:Commands given:
INFO:root:6
INFO:root:Commandable ships:
INFO:root:6
INFO:root:---NEW TURN---
INFO:root:71,0.15681539674002476 undocked start time:0.013414957848257636

INFO:root:Commands given:
INFO:root:7
INFO:root:Commandable ships:
INFO:root:7
INFO:root:---NEW TURN---
INFO:root:72,0.19296345481421007 undocked start time:0.020180077727082413

INFO:root:Commands given:
INFO:root:7
INFO:root:Commandable ships:
INFO:root:7
INFO:root:---NEW TURN---
INFO:root:73,0.2153954272056282 undocked start time:0.02104448691960581

INFO:root:Commands given:
INFO:root:8
INFO:root:Commandable ships:
INFO:root:8
INFO:root:---NEW TURN---
INFO:root:74,0.20712220661882252 undocked start time:0.020011052294089282

INFO:root:Commands given:
INFO:root:9
INFO:root:Commandable ships:
INFO:root:9
INFO:root:---NEW TURN---
INFO:root:75,0.17412983696840634 undocked start time:0.019581514361212804

INFO:root:Commands given:
INFO:root:10
INFO:root:Commandable ships:
INFO:root:10
INFO:root:---NEW TURN---
INFO:root:76,0.23560791514923274 undocked start time:0.03541575128317742

INFO:root:Commands given:
INFO:root:13
INFO:root:Commandable ships:
INFO:root:13
INFO:root:---NEW TURN---
INFO:root:77,0.30652639196751785 undocked start time:0.06618945699757095

INFO:root:Commands given:
INFO:root:14
INFO:root:Commandable ships:
INFO:root:14
INFO:root:---NEW TURN---
INFO:root:78,0.2795951430623891 undocked start time:0.0789192874839344

INFO:root:Commands given:
INFO:root:14
INFO:root:Commandable ships:
INFO:root:14
INFO:root:---NEW TURN---
INFO:root:79,0.3388611214016972 undocked start time:0.0702144776847522

INFO:root:Commands given:
INFO:root:14
INFO:root:Commandable ships:
INFO:root:14
INFO:root:---NEW TURN---
INFO:root:80,0.3365501498869943 undocked start time:0.07608236789862666

INFO:root:Commands given:
INFO:root:13
INFO:root:Commandable ships:
INFO:root:13
INFO:root:---NEW TURN---
INFO:root:81,0.2789617079445641 undocked start time:0.03822928628190425

INFO:root:Commands given:
INFO:root:13
INFO:root:Commandable ships:
INFO:root:13
INFO:root:---NEW TURN---
INFO:root:82,0.1868141290492762 undocked start time:0.03371442004378977

INFO:root:Commands given:
INFO:root:14
INFO:root:Commandable ships:
INFO:root:14
INFO:root:---NEW TURN---
INFO:root:83,0.1843973115110007 undocked start time:0.027494120007231615

INFO:root:Commands given:
INFO:root:12
INFO:root:Commandable ships:
INFO:root:12
INFO:root:---NEW TURN---
INFO:root:84,0.2037921594352916 undocked start time:0.02849022134537016

INFO:root:Commands given:
INFO:root:16
INFO:root:Commandable ships:
INFO:root:16
INFO:root:---NEW TURN---
INFO:root:85,0.2274151047198707 undocked start time:0.03601595567266891

INFO:root:Commands given:
INFO:root:16
INFO:root:Commandable ships:
INFO:root:16
INFO:root:---NEW TURN---
INFO:root:86,0.23285961083945317 undocked start time:0.04480856023562474

INFO:root:Commands given:
INFO:root:17
INFO:root:Commandable ships:
INFO:root:17
INFO:root:---NEW TURN---
INFO:root:87,0.2597211162406765 undocked start time:0.06299151221558219

INFO:root:Commands given:
INFO:root:18
INFO:root:Commandable ships:
INFO:root:18
INFO:root:---NEW TURN---
INFO:root:88,0.24447764782238224 undocked start time:0.056893878694712186

INFO:root:Commands given:
INFO:root:20
INFO:root:Commandable ships:
INFO:root:20
INFO:root:---NEW TURN---
INFO:root:89,0.2883536963851938 undocked start time:0.05784772367460356

INFO:root:Commands given:
INFO:root:22
INFO:root:Commandable ships:
INFO:root:22
INFO:root:---NEW TURN---
INFO:root:90,0.23671601634951855 undocked start time:0.036640775416486804

INFO:root:Commands given:
INFO:root:19
INFO:root:Commandable ships:
INFO:root:19
INFO:root:---NEW TURN---
INFO:root:91,0.2765071468629987 undocked start time:0.035898622483767184

INFO:root:Commands given:
INFO:root:19
INFO:root:Commandable ships:
INFO:root:19
INFO:root:---NEW TURN---
INFO:root:92,0.4717413681131877 undocked start time:0.11031083859178814

INFO:root:Commands given:
INFO:root:22
INFO:root:Commandable ships:
INFO:root:22
INFO:root:---NEW TURN---
INFO:root:93,0.5041819435709414 undocked start time:0.1106886842805892

INFO:root:Commands given:
INFO:root:25
INFO:root:Commandable ships:
INFO:root:25
INFO:root:---NEW TURN---
INFO:root:94,0.5020699461703231 undocked start time:0.13341111785298843

INFO:root:Commands given:
INFO:root:25
INFO:root:Commandable ships:
INFO:root:25
INFO:root:---NEW TURN---
INFO:root:95,0.4679940906739386 undocked start time:0.08116461805379949

INFO:root:Commands given:
INFO:root:21
INFO:root:Commandable ships:
INFO:root:21
INFO:root:---NEW TURN---
INFO:root:96,0.7289504874455552 undocked start time:0.12439984689249783

INFO:root:Commands given:
INFO:root:22
INFO:root:Commandable ships:
INFO:root:22
INFO:root:---NEW TURN---
INFO:root:97,0.5359033404266569 undocked start time:0.13798383017373617

INFO:root:Commands given:
INFO:root:23
INFO:root:Commandable ships:
INFO:root:23
INFO:root:---NEW TURN---
INFO:root:98,0.5490696831962882 undocked start time:0.17597270649511465

INFO:root:Commands given:
INFO:root:23
INFO:root:Commandable ships:
INFO:root:23
INFO:root:---NEW TURN---
INFO:root:99,0.47372249388000753 undocked start time:0.12128149175611469

INFO:root:Commands given:
INFO:root:25
INFO:root:Commandable ships:
INFO:root:25
INFO:root:---NEW TURN---
INFO:root:100,0.5734187814332934 undocked start time:0.21293019947054148

INFO:root:Commands given:
INFO:root:29
INFO:root:Commandable ships:
INFO:root:29
INFO:root:---NEW TURN---
INFO:root:101,0.562983922481326 undocked start time:0.20058641979105118

INFO:root:Commands given:
INFO:root:30
INFO:root:Commandable ships:
INFO:root:30
INFO:root:---NEW TURN---
INFO:root:102,0.7469439011972483 undocked start time:0.23349386646904335

INFO:root:Commands given:
INFO:root:26
INFO:root:Commandable ships:
INFO:root:26
INFO:root:---NEW TURN---
INFO:root:103,0.6500336614970301 undocked start time:0.16685271771971344

INFO:root:Commands given:
INFO:root:26
INFO:root:Commandable ships:
INFO:root:26
INFO:root:---NEW TURN---
INFO:root:104,0.7622497285131544 undocked start time:0.3015577826980653

INFO:root:Commands given:
INFO:root:30
INFO:root:Commandable ships:
INFO:root:30
INFO:root:---NEW TURN---
INFO:root:105,0.809918592920706 undocked start time:0.22313695613913254

INFO:root:Commands given:
INFO:root:30
INFO:root:Commandable ships:
INFO:root:30
INFO:root:---NEW TURN---
INFO:root:106,0.8679177010243713 undocked start time:0.3335712817583776

INFO:root:Commands given:
INFO:root:32
INFO:root:Commandable ships:
INFO:root:32
INFO:root:---NEW TURN---
INFO:root:107,0.6586941636584669 undocked start time:0.19427299166405732

INFO:root:Commands given:
INFO:root:29
INFO:root:Commandable ships:
INFO:root:29
INFO:root:---NEW TURN---
INFO:root:108,0.9572890782083121 undocked start time:0.33162338671991876

INFO:root:Commands given:
INFO:root:32
INFO:root:Commandable ships:
INFO:root:32
INFO:root:---NEW TURN---
INFO:root:109,1.0931260392294888 undocked start time:0.4518230336537101

INFO:root:Commands given:
INFO:root:32
INFO:root:Commandable ships:
INFO:root:32
INFO:root:---NEW TURN---
INFO:root:110,0.7366768369105614 undocked start time:0.3194154017451396

INFO:root:Commands given:
INFO:root:30
INFO:root:Commandable ships:
INFO:root:30
INFO:root:---NEW TURN---
INFO:root:111,0.685085105536281 undocked start time:0.2802281679243208

INFO:root:Commands given:
INFO:root:31
INFO:root:Commandable ships:
INFO:root:31
INFO:root:---NEW TURN---
INFO:root:112,0.8669933944696702 undocked start time:0.3993508931066536

INFO:root:Commands given:
INFO:root:36
INFO:root:Commandable ships:
INFO:root:36
INFO:root:---NEW TURN---
INFO:root:113,0.9452981186074432 undocked start time:0.5094098345725051

INFO:root:Commands given:
INFO:root:38
INFO:root:Commandable ships:
INFO:root:38
INFO:root:---NEW TURN---
INFO:root:114,0.8790516360390122 undocked start time:0.4674714246505438

INFO:root:Commands given:
INFO:root:38
INFO:root:Commandable ships:
INFO:root:38
INFO:root:---NEW TURN---
INFO:root:115,0.7865988267501649 undocked start time:0.28838405532222566

INFO:root:Commands given:
INFO:root:34
INFO:root:Commandable ships:
INFO:root:34
INFO:root:---NEW TURN---
INFO:root:116,0.9435450951239837 undocked start time:0.4108150841250158

INFO:root:Commands given:
INFO:root:40
INFO:root:Commandable ships:
INFO:root:40
INFO:root:---NEW TURN---
INFO:root:117,0.9308107518226656 undocked start time:0.4567908224112891

INFO:root:Commands given:
INFO:root:43
INFO:root:Commandable ships:
INFO:root:43
INFO:root:---NEW TURN---
INFO:root:118,0.6253526662326152 undocked start time:0.2462011328806888

INFO:root:Commands given:
INFO:root:37
INFO:root:Commandable ships:
INFO:root:37
INFO:root:---NEW TURN---
INFO:root:119,0.7647403921143905 undocked start time:0.37278887451630993

INFO:root:Commands given:
INFO:root:36
INFO:root:Commandable ships:
INFO:root:36
INFO:root:---NEW TURN---
INFO:root:120,0.8299961066714587 undocked start time:0.4100442132789226

INFO:root:Commands given:
INFO:root:41
INFO:root:Commandable ships:
INFO:root:41
INFO:root:---NEW TURN---
INFO:root:121,0.7953499954666725 undocked start time:0.35316756533223526

INFO:root:Commands given:
INFO:root:43
INFO:root:Commandable ships:
INFO:root:43
INFO:root:---NEW TURN---
INFO:root:122,0.8803365575344912 undocked start time:0.3779638425060625

INFO:root:Commands given:
INFO:root:41
INFO:root:Commandable ships:
INFO:root:41
INFO:root:---NEW TURN---
INFO:root:123,0.9559286696262532 undocked start time:0.4569458991435553

INFO:root:Commands given:
INFO:root:42
INFO:root:Commandable ships:
INFO:root:42
INFO:root:---NEW TURN---
INFO:root:124,1.1998541130000646 undocked start time:0.5808120031032473

INFO:root:Commands given:
INFO:root:50
INFO:root:Commandable ships:
INFO:root:50
INFO:root:---NEW TURN---
INFO:root:125,1.1426722346598126 undocked start time:0.548661478570537

INFO:root:Commands given:
INFO:root:51
INFO:root:Commandable ships:
INFO:root:51
INFO:root:---NEW TURN---
INFO:root:126,1.0810214387428445 undocked start time:0.5331271387152867

INFO:root:Commands given:
INFO:root:49
INFO:root:Commandable ships:
INFO:root:49
INFO:root:---NEW TURN---
INFO:root:127,0.8962893584130995 undocked start time:0.35227525873817456

INFO:root:Commands given:
INFO:root:47
INFO:root:Commandable ships:
INFO:root:47
INFO:root:---NEW TURN---
INFO:root:128,0.8989593038449613 undocked start time:0.40139068546795187

INFO:root:Commands given:
INFO:root:51
INFO:root:Commandable ships:
INFO:root:51
INFO:root:---NEW TURN---
INFO:root:129,0.8382463529275697 undocked start time:0.34070645246382014

INFO:root:Commands given:
INFO:root:52
INFO:root:Commandable ships:
INFO:root:52
INFO:root:---NEW TURN---
INFO:root:130,1.1994192417404221 undocked start time:0.6461403329555324

INFO:root:Commands given:
INFO:root:51
INFO:root:Commandable ships:
INFO:root:51
INFO:root:---NEW TURN---
INFO:root:131,0.9090220606907948 undocked start time:0.4831928411987363

INFO:root:Commands given:
INFO:root:46
INFO:root:Commandable ships:
INFO:root:46
INFO:root:---NEW TURN---
INFO:root:132,1.2548267632901329 undocked start time:0.7141562492434517

INFO:root:Commands given:
INFO:root:49
INFO:root:Commandable ships:
INFO:root:49
INFO:root:---NEW TURN---
INFO:root:133,1.3095877215330631 undocked start time:0.7393389874802523

INFO:root:Commands given:
INFO:root:47
INFO:root:Commandable ships:
INFO:root:47
INFO:root:---NEW TURN---
INFO:root:134,1.7267191055764854 undocked start time:1.0295125790616027

INFO:root:Commands given:
INFO:root:47
INFO:root:Commandable ships:
INFO:root:47
INFO:root:---NEW TURN---
INFO:root:135,1.5501154254989657 undocked start time:0.8878311124129752

INFO:root:Commands given:
INFO:root:47
INFO:root:Commandable ships:
INFO:root:47
INFO:root:---NEW TURN---
INFO:root:136,1.817256430043365 undocked start time:1.014379879737632

INFO:root:Commands given:
INFO:root:52
INFO:root:Commandable ships:
INFO:root:52
INFO:root:---NEW TURN---
INFO:root:Loop broken
INFO:root:137,1.8534992572316824 undocked start time:1.0222379213482071

INFO:root:Commands given:
INFO:root:56
INFO:root:Commandable ships:
INFO:root:56
INFO:root:---NEW TURN---
INFO:root:Loop broken
INFO:root:138,1.8947188988075112 undocked start time:1.1856063356638344

INFO:root:Commands given:
INFO:root:43
INFO:root:Commandable ships:
INFO:root:55
INFO:root:---NEW TURN---
INFO:root:Loop broken
INFO:root:139,1.8791144051925244 undocked start time:1.0073095294652035

INFO:root:Commands given:
INFO:root:51
INFO:root:Commandable ships:
INFO:root:55
INFO:root:---NEW TURN---
INFO:root:Loop broken
INFO:root:140,1.9065707816564768 undocked start time:1.0782156986062859

INFO:root:Commands given:
INFO:root:58
INFO:root:Commandable ships:
INFO:root:61
INFO:root:---NEW TURN---
INFO:root:141,1.5350623158207384 undocked start time:0.87909307188567

INFO:root:Commands given:
INFO:root:63
INFO:root:Commandable ships:
INFO:root:63
INFO:root:---NEW TURN---
INFO:root:Loop broken
INFO:root:142,1.8919734662890662 undocked start time:1.2790187335153433

INFO:root:Commands given:
INFO:root:56
INFO:root:Commandable ships:
INFO:root:61
INFO:root:---NEW TURN---
INFO:root:143,1.5582807487826713 undocked start time:0.9090991888009654

INFO:root:Commands given:
INFO:root:58
INFO:root:Commandable ships:
INFO:root:58
INFO:root:---NEW TURN---
INFO:root:144,1.3120894620437369 undocked start time:0.7800839629734142

INFO:root:Commands given:
INFO:root:60
INFO:root:Commandable ships:
INFO:root:60
INFO:root:---NEW TURN---
INFO:root:145,1.4081964206813353 undocked start time:0.8702426212396546

INFO:root:Commands given:
INFO:root:60
INFO:root:Commandable ships:
INFO:root:60
INFO:root:---NEW TURN---
INFO:root:146,1.4465988349552816 undocked start time:0.9145814384639408

INFO:root:Commands given:
INFO:root:62
INFO:root:Commandable ships:
INFO:root:62
INFO:root:---NEW TURN---
INFO:root:147,1.593029834219692 undocked start time:0.9920935481921447

INFO:root:Commands given:
INFO:root:61
INFO:root:Commandable ships:
INFO:root:61
INFO:root:---NEW TURN---
INFO:root:148,1.5886478908949044 undocked start time:0.9698991139707545

INFO:root:Commands given:
INFO:root:69
INFO:root:Commandable ships:
INFO:root:69
INFO:root:---NEW TURN---
INFO:root:149,1.227429873932465 undocked start time:0.5947549603016142

INFO:root:Commands given:
INFO:root:74
INFO:root:Commandable ships:
INFO:root:74
INFO:root:---NEW TURN---
INFO:root:150,1.1016441825917838 undocked start time:0.5316781148576979

INFO:root:Commands given:
INFO:root:72
INFO:root:Commandable ships:
INFO:root:72
INFO:root:---NEW TURN---
INFO:root:151,1.6630830813336388 undocked start time:1.042516050236486

INFO:root:Commands given:
INFO:root:72
INFO:root:Commandable ships:
INFO:root:72
INFO:root:---NEW TURN---
INFO:root:152,1.7608035764468895 undocked start time:1.1226599515981661

INFO:root:Commands given:
INFO:root:78
INFO:root:Commandable ships:
INFO:root:78
INFO:root:---NEW TURN---
INFO:root:153,1.8117430009316848 undocked start time:1.147249459795347

INFO:root:Commands given:
INFO:root:77
INFO:root:Commandable ships:
INFO:root:77
INFO:root:---NEW TURN---
INFO:root:154,1.7753569944324141 undocked start time:1.1288654824216167

INFO:root:Commands given:
INFO:root:79
INFO:root:Commandable ships:
INFO:root:79
INFO:root:---NEW TURN---
INFO:root:Loop broken
INFO:root:155,1.8931455674105706 undocked start time:1.237025349302158

INFO:root:Commands given:
INFO:root:66
INFO:root:Commandable ships:
INFO:root:80
INFO:root:---NEW TURN---
INFO:root:Loop broken
INFO:root:156,1.8627443740582095 undocked start time:1.2060834386664823

INFO:root:Commands given:
INFO:root:60
INFO:root:Commandable ships:
INFO:root:83
INFO:root:---NEW TURN---
INFO:root:Loop broken
INFO:root:157,1.8929072087295964 undocked start time:1.3882805477575033

INFO:root:Commands given:
INFO:root:36
INFO:root:Commandable ships:
INFO:root:79
INFO:root:---NEW TURN---
INFO:root:Loop broken
INFO:root:158,1.8568465351632426 undocked start time:1.4058973465881195

INFO:root:Commands given:
INFO:root:41
INFO:root:Commandable ships:
INFO:root:80
INFO:root:---NEW TURN---
INFO:root:Loop broken
INFO:root:159,1.8560051003014166 undocked start time:1.3486518785821744

INFO:root:Commands given:
INFO:root:47
INFO:root:Commandable ships:
INFO:root:82
INFO:root:---NEW TURN---
INFO:root:Loop broken
INFO:root:160,1.8521425409527694 undocked start time:1.2397268844389515

INFO:root:Commands given:
INFO:root:65
INFO:root:Commandable ships:
INFO:root:88
INFO:root:---NEW TURN---
INFO:root:Loop broken
INFO:root:161,1.864490833447178 undocked start time:1.292262204395584

INFO:root:Commands given:
INFO:root:51
INFO:root:Commandable ships:
INFO:root:88
INFO:root:---NEW TURN---
INFO:root:Loop broken
INFO:root:162,1.8756321530681106 undocked start time:1.32746708414291

INFO:root:Commands given:
INFO:root:49
INFO:root:Commandable ships:
INFO:root:91
INFO:root:---NEW TURN---
INFO:root:Loop broken
INFO:root:163,1.8667431383674256 undocked start time:1.4294854201204714

INFO:root:Commands given:
INFO:root:33
INFO:root:Commandable ships:
INFO:root:92
INFO:root:---NEW TURN---
INFO:root:Loop broken
INFO:root:164,1.905269860180681 undocked start time:1.5043403023501867

INFO:root:Commands given:
INFO:root:38
INFO:root:Commandable ships:
INFO:root:99
INFO:root:---NEW TURN---
INFO:root:Loop broken
INFO:root:165,1.8841191169816085 undocked start time:1.4713561378185318

INFO:root:Commands given:
INFO:root:42
INFO:root:Commandable ships:
INFO:root:102
INFO:root:---NEW TURN---
INFO:root:Loop broken
INFO:root:166,1.8976313054794218 undocked start time:1.589464300146517

INFO:root:Commands given:
INFO:root:29
INFO:root:Commandable ships:
INFO:root:107
INFO:root:---NEW TURN---
INFO:root:Loop broken
INFO:root:167,1.8666438564383299 undocked start time:1.447714731017669

INFO:root:Commands given:
INFO:root:40
INFO:root:Commandable ships:
INFO:root:109
INFO:root:---NEW TURN---
INFO:root:Loop broken
INFO:root:168,1.856125715537587 undocked start time:1.3100705927335667

INFO:root:Commands given:
INFO:root:58
INFO:root:Commandable ships:
INFO:root:114
INFO:root:---NEW TURN---
INFO:root:Loop broken
INFO:root:169,1.8621302209679413 undocked start time:1.3384164040004123

INFO:root:Commands given:
INFO:root:41
INFO:root:Commandable ships:
INFO:root:116
INFO:root:---NEW TURN---
INFO:root:Loop broken
INFO:root:170,1.9183627671432504 undocked start time:1.5813847203469322

INFO:root:Commands given:
INFO:root:31
INFO:root:Commandable ships:
INFO:root:121
INFO:root:---NEW TURN---
INFO:root:not enough values to unpack (expected at least 1, got 0)
